{"/home/reinaldo/projetos-limpos-trybe/caixa-conta/back-end/src/StatusCode.ts": {"path":"/home/reinaldo/projetos-limpos-trybe/caixa-conta/back-end/src/StatusCode.ts","statementMap":{"0":{"start":{"line":1,"column":20},"end":{"line":9,"column":2}},"1":{"start":{"line":11,"column":0},"end":{"line":11,"column":27}}},"fnMap":{},"branchMap":{},"s":{"0":1,"1":1},"f":{},"b":{}}
,"/home/reinaldo/projetos-limpos-trybe/caixa-conta/back-end/src/app.ts": {"path":"/home/reinaldo/projetos-limpos-trybe/caixa-conta/back-end/src/app.ts","statementMap":{"0":{"start":{"line":1,"column":16},"end":{"line":1,"column":34}},"1":{"start":{"line":2,"column":0},"end":{"line":2,"column":59}},"2":{"start":{"line":3,"column":0},"end":{"line":3,"column":45}},"3":{"start":{"line":4,"column":0},"end":{"line":4,"column":24}},"4":{"start":{"line":6,"column":12},"end":{"line":6,"column":21}},"5":{"start":{"line":7,"column":0},"end":{"line":7,"column":16}},"6":{"start":{"line":9,"column":0},"end":{"line":9,"column":24}},"7":{"start":{"line":10,"column":0},"end":{"line":10,"column":27}},"8":{"start":{"line":11,"column":0},"end":{"line":11,"column":20}},"9":{"start":{"line":13,"column":0},"end":{"line":13,"column":19}}},"fnMap":{},"branchMap":{},"s":{"0":1,"1":1,"2":1,"3":1,"4":1,"5":1,"6":1,"7":1,"8":1,"9":1},"f":{},"b":{}}
,"/home/reinaldo/projetos-limpos-trybe/caixa-conta/back-end/src/controllers/TransactionController.ts": {"path":"/home/reinaldo/projetos-limpos-trybe/caixa-conta/back-end/src/controllers/TransactionController.ts","statementMap":{"0":{"start":{"line":1,"column":0},"end":{"line":1,"column":40}},"1":{"start":{"line":3,"column":0},"end":{"line":3,"column":64}},"2":{"start":{"line":4,"column":0},"end":{"line":4,"column":50}},"3":{"start":{"line":8,"column":10},"end":{"line":8,"column":56}},"4":{"start":{"line":9,"column":10},"end":{"line":9,"column":42}},"5":{"start":{"line":13,"column":9},"end":{"line":34,"column":null}},"6":{"start":{"line":13,"column":67},"end":{"line":34,"column":null}},"7":{"start":{"line":14,"column":26},"end":{"line":14,"column":34}},"8":{"start":{"line":15,"column":4},"end":{"line":32,"column":null}},"9":{"start":{"line":16,"column":21},"end":{"line":16,"column":42}},"10":{"start":{"line":17,"column":26},"end":{"line":17,"column":61}},"11":{"start":{"line":18,"column":24},"end":{"line":18,"column":67}},"12":{"start":{"line":19,"column":6},"end":{"line":28,"column":null}},"13":{"start":{"line":20,"column":8},"end":{"line":20,"column":94}},"14":{"start":{"line":21,"column":13},"end":{"line":28,"column":null}},"15":{"start":{"line":22,"column":8},"end":{"line":22,"column":96}},"16":{"start":{"line":23,"column":13},"end":{"line":28,"column":null}},"17":{"start":{"line":24,"column":8},"end":{"line":24,"column":96}},"18":{"start":{"line":26,"column":22},"end":{"line":26,"column":79}},"19":{"start":{"line":27,"column":8},"end":{"line":27,"column":64}},"20":{"start":{"line":30,"column":6},"end":{"line":30,"column":27}},"21":{"start":{"line":31,"column":6},"end":{"line":31,"column":88}},"22":{"start":{"line":36,"column":9},"end":{"line":57,"column":null}},"23":{"start":{"line":36,"column":64},"end":{"line":57,"column":null}},"24":{"start":{"line":37,"column":30},"end":{"line":37,"column":38}},"25":{"start":{"line":38,"column":4},"end":{"line":55,"column":null}},"26":{"start":{"line":39,"column":21},"end":{"line":39,"column":42}},"27":{"start":{"line":40,"column":26},"end":{"line":40,"column":61}},"28":{"start":{"line":41,"column":32},"end":{"line":41,"column":91}},"29":{"start":{"line":42,"column":6},"end":{"line":51,"column":null}},"30":{"start":{"line":43,"column":8},"end":{"line":43,"column":94}},"31":{"start":{"line":44,"column":13},"end":{"line":51,"column":null}},"32":{"start":{"line":45,"column":8},"end":{"line":45,"column":96}},"33":{"start":{"line":46,"column":13},"end":{"line":51,"column":null}},"34":{"start":{"line":47,"column":8},"end":{"line":47,"column":100}},"35":{"start":{"line":49,"column":8},"end":{"line":49,"column":63}},"36":{"start":{"line":50,"column":8},"end":{"line":50,"column":79}},"37":{"start":{"line":53,"column":6},"end":{"line":53,"column":27}},"38":{"start":{"line":54,"column":6},"end":{"line":54,"column":88}},"39":{"start":{"line":79,"column":0},"end":{"line":79,"column":34}}},"fnMap":{"0":{"name":"(anonymous_8)","decl":{"start":{"line":11,"column":2},"end":{"line":11,"column":18}},"loc":{"start":{"line":11,"column":2},"end":{"line":11,"column":19}}},"1":{"name":"(anonymous_9)","decl":{"start":{"line":13,"column":29},"end":{"line":13,"column":36}},"loc":{"start":{"line":13,"column":67},"end":{"line":34,"column":null}}},"2":{"name":"(anonymous_10)","decl":{"start":{"line":13,"column":67},"end":{"line":13,"column":null}},"loc":{"start":{"line":13,"column":67},"end":{"line":34,"column":3}}},"3":{"name":"(anonymous_11)","decl":{"start":{"line":36,"column":26},"end":{"line":36,"column":33}},"loc":{"start":{"line":36,"column":64},"end":{"line":57,"column":null}}},"4":{"name":"(anonymous_12)","decl":{"start":{"line":36,"column":64},"end":{"line":36,"column":null}},"loc":{"start":{"line":36,"column":64},"end":{"line":57,"column":3}}}},"branchMap":{"0":{"loc":{"start":{"line":19,"column":6},"end":{"line":28,"column":null}},"type":"if","locations":[{"start":{"line":19,"column":6},"end":{"line":28,"column":null}},{"start":{"line":21,"column":13},"end":{"line":28,"column":null}}]},"1":{"loc":{"start":{"line":21,"column":13},"end":{"line":28,"column":null}},"type":"if","locations":[{"start":{"line":21,"column":13},"end":{"line":28,"column":null}},{"start":{"line":23,"column":13},"end":{"line":28,"column":null}}]},"2":{"loc":{"start":{"line":23,"column":13},"end":{"line":28,"column":null}},"type":"if","locations":[{"start":{"line":23,"column":13},"end":{"line":28,"column":null}},{"start":{"line":25,"column":13},"end":{"line":28,"column":null}}]},"3":{"loc":{"start":{"line":42,"column":6},"end":{"line":51,"column":null}},"type":"if","locations":[{"start":{"line":42,"column":6},"end":{"line":51,"column":null}},{"start":{"line":44,"column":13},"end":{"line":51,"column":null}}]},"4":{"loc":{"start":{"line":44,"column":13},"end":{"line":51,"column":null}},"type":"if","locations":[{"start":{"line":44,"column":13},"end":{"line":51,"column":null}},{"start":{"line":46,"column":13},"end":{"line":51,"column":null}}]},"5":{"loc":{"start":{"line":46,"column":13},"end":{"line":51,"column":null}},"type":"if","locations":[{"start":{"line":46,"column":13},"end":{"line":51,"column":null}},{"start":{"line":48,"column":13},"end":{"line":51,"column":null}}]}},"s":{"0":1,"1":1,"2":1,"3":1,"4":1,"5":1,"6":7,"7":7,"8":7,"9":7,"10":7,"11":7,"12":7,"13":1,"14":6,"15":1,"16":5,"17":1,"18":4,"19":4,"20":0,"21":0,"22":1,"23":1,"24":1,"25":1,"26":1,"27":1,"28":1,"29":1,"30":0,"31":1,"32":0,"33":1,"34":1,"35":0,"36":0,"37":0,"38":0,"39":1},"f":{"0":1,"1":7,"2":7,"3":1,"4":1},"b":{"0":[1,6],"1":[1,5],"2":[1,4],"3":[0,1],"4":[0,1],"5":[1,0]}}
,"/home/reinaldo/projetos-limpos-trybe/caixa-conta/back-end/src/controllers/User.ts": {"path":"/home/reinaldo/projetos-limpos-trybe/caixa-conta/back-end/src/controllers/User.ts","statementMap":{"0":{"start":{"line":1,"column":0},"end":{"line":1,"column":50}},"1":{"start":{"line":2,"column":0},"end":{"line":2,"column":52}},"2":{"start":{"line":3,"column":0},"end":{"line":3,"column":40}},"3":{"start":{"line":5,"column":0},"end":{"line":5,"column":48}},"4":{"start":{"line":6,"column":0},"end":{"line":6,"column":33}},"5":{"start":{"line":7,"column":0},"end":{"line":7,"column":25}},"6":{"start":{"line":10,"column":20},"end":{"line":10,"column":54}},"7":{"start":{"line":13,"column":10},"end":{"line":13,"column":42}},"8":{"start":{"line":17,"column":9},"end":{"line":37,"column":4}},"9":{"start":{"line":17,"column":61},"end":{"line":37,"column":4}},"10":{"start":{"line":18,"column":4},"end":{"line":36,"column":null}},"11":{"start":{"line":19,"column":29},"end":{"line":19,"column":37}},"12":{"start":{"line":20,"column":21},"end":{"line":20,"column":37}},"13":{"start":{"line":21,"column":26},"end":{"line":21,"column":67}},"14":{"start":{"line":22,"column":24},"end":{"line":22,"column":61}},"15":{"start":{"line":23,"column":6},"end":{"line":33,"column":null}},"16":{"start":{"line":24,"column":8},"end":{"line":24,"column":86}},"17":{"start":{"line":25,"column":13},"end":{"line":33,"column":null}},"18":{"start":{"line":26,"column":8},"end":{"line":26,"column":94}},"19":{"start":{"line":27,"column":13},"end":{"line":33,"column":null}},"20":{"start":{"line":28,"column":8},"end":{"line":28,"column":92}},"21":{"start":{"line":30,"column":23},"end":{"line":30,"column":66}},"22":{"start":{"line":32,"column":8},"end":{"line":32,"column":72}},"23":{"start":{"line":35,"column":6},"end":{"line":35,"column":82}},"24":{"start":{"line":39,"column":9},"end":{"line":67,"column":4}},"25":{"start":{"line":39,"column":65},"end":{"line":67,"column":4}},"26":{"start":{"line":40,"column":32},"end":{"line":40,"column":40}},"27":{"start":{"line":41,"column":17},"end":{"line":41,"column":58}},"28":{"start":{"line":43,"column":4},"end":{"line":47,"column":6}},"29":{"start":{"line":44,"column":6},"end":{"line":46,"column":9}},"30":{"start":{"line":48,"column":4},"end":{"line":52,"column":null}},"31":{"start":{"line":49,"column":6},"end":{"line":51,"column":9}},"32":{"start":{"line":53,"column":21},"end":{"line":56,"column":6}},"33":{"start":{"line":58,"column":35},"end":{"line":61,"column":6}},"34":{"start":{"line":62,"column":18},"end":{"line":62,"column":70}},"35":{"start":{"line":64,"column":4},"end":{"line":66,"column":7}},"36":{"start":{"line":69,"column":9},"end":{"line":93,"column":4}},"37":{"start":{"line":69,"column":69},"end":{"line":93,"column":4}},"38":{"start":{"line":70,"column":20},"end":{"line":70,"column":28}},"39":{"start":{"line":71,"column":19},"end":{"line":71,"column":40}},"40":{"start":{"line":72,"column":4},"end":{"line":72,"column":97}},"41":{"start":{"line":72,"column":14},"end":{"line":72,"column":97}},"42":{"start":{"line":73,"column":24},"end":{"line":73,"column":59}},"43":{"start":{"line":74,"column":4},"end":{"line":78,"column":null}},"44":{"start":{"line":75,"column":6},"end":{"line":75,"column":92}},"45":{"start":{"line":76,"column":11},"end":{"line":78,"column":null}},"46":{"start":{"line":77,"column":6},"end":{"line":77,"column":94}},"47":{"start":{"line":79,"column":4},"end":{"line":92,"column":null}},"48":{"start":{"line":80,"column":24},"end":{"line":80,"column":61}},"49":{"start":{"line":81,"column":6},"end":{"line":83,"column":null}},"50":{"start":{"line":82,"column":8},"end":{"line":82,"column":92}},"51":{"start":{"line":84,"column":21},"end":{"line":84,"column":68}},"52":{"start":{"line":85,"column":6},"end":{"line":89,"column":null}},"53":{"start":{"line":86,"column":8},"end":{"line":86,"column":80}},"54":{"start":{"line":88,"column":8},"end":{"line":88,"column":101}},"55":{"start":{"line":91,"column":6},"end":{"line":91,"column":82}},"56":{"start":{"line":95,"column":9},"end":{"line":112,"column":4}},"57":{"start":{"line":95,"column":67},"end":{"line":112,"column":4}},"58":{"start":{"line":96,"column":22},"end":{"line":96,"column":30}},"59":{"start":{"line":97,"column":4},"end":{"line":99,"column":null}},"60":{"start":{"line":98,"column":6},"end":{"line":98,"column":90}},"61":{"start":{"line":100,"column":4},"end":{"line":110,"column":null}},"62":{"start":{"line":101,"column":26},"end":{"line":101,"column":67}},"63":{"start":{"line":102,"column":6},"end":{"line":107,"column":null}},"64":{"start":{"line":103,"column":8},"end":{"line":103,"column":92}},"65":{"start":{"line":105,"column":8},"end":{"line":105,"column":49}},"66":{"start":{"line":106,"column":8},"end":{"line":106,"column":91}},"67":{"start":{"line":109,"column":6},"end":{"line":109,"column":82}},"68":{"start":{"line":114,"column":9},"end":{"line":124,"column":null}},"69":{"start":{"line":114,"column":60},"end":{"line":124,"column":null}},"70":{"start":{"line":115,"column":22},"end":{"line":115,"column":30}},"71":{"start":{"line":116,"column":24},"end":{"line":116,"column":65}},"72":{"start":{"line":117,"column":4},"end":{"line":122,"column":null}},"73":{"start":{"line":118,"column":6},"end":{"line":118,"column":90}},"74":{"start":{"line":120,"column":6},"end":{"line":120,"column":50}},"75":{"start":{"line":121,"column":6},"end":{"line":121,"column":77}},"76":{"start":{"line":126,"column":9},"end":{"line":139,"column":null}},"77":{"start":{"line":126,"column":57},"end":{"line":139,"column":null}},"78":{"start":{"line":127,"column":22},"end":{"line":127,"column":30}},"79":{"start":{"line":128,"column":4},"end":{"line":128,"column":125}},"80":{"start":{"line":128,"column":45},"end":{"line":128,"column":125}},"81":{"start":{"line":129,"column":4},"end":{"line":138,"column":null}},"82":{"start":{"line":130,"column":26},"end":{"line":130,"column":63}},"83":{"start":{"line":131,"column":6},"end":{"line":135,"column":null}},"84":{"start":{"line":132,"column":8},"end":{"line":132,"column":92}},"85":{"start":{"line":134,"column":8},"end":{"line":134,"column":72}},"86":{"start":{"line":137,"column":6},"end":{"line":137,"column":82}},"87":{"start":{"line":141,"column":9},"end":{"line":155,"column":null}},"88":{"start":{"line":141,"column":64},"end":{"line":155,"column":null}},"89":{"start":{"line":142,"column":22},"end":{"line":142,"column":30}},"90":{"start":{"line":143,"column":4},"end":{"line":143,"column":125}},"91":{"start":{"line":143,"column":45},"end":{"line":143,"column":125}},"92":{"start":{"line":144,"column":4},"end":{"line":154,"column":null}},"93":{"start":{"line":145,"column":21},"end":{"line":145,"column":62}},"94":{"start":{"line":146,"column":6},"end":{"line":151,"column":null}},"95":{"start":{"line":147,"column":8},"end":{"line":147,"column":92}},"96":{"start":{"line":149,"column":8},"end":{"line":149,"column":45}},"97":{"start":{"line":150,"column":8},"end":{"line":150,"column":91}},"98":{"start":{"line":153,"column":6},"end":{"line":153,"column":82}},"99":{"start":{"line":161,"column":0},"end":{"line":161,"column":30}}},"fnMap":{"0":{"name":"(anonymous_14)","decl":{"start":{"line":15,"column":2},"end":{"line":15,"column":18}},"loc":{"start":{"line":15,"column":2},"end":{"line":15,"column":19}}},"1":{"name":"(anonymous_15)","decl":{"start":{"line":17,"column":23},"end":{"line":17,"column":30}},"loc":{"start":{"line":17,"column":61},"end":{"line":37,"column":4}}},"2":{"name":"(anonymous_16)","decl":{"start":{"line":17,"column":61},"end":{"line":17,"column":null}},"loc":{"start":{"line":17,"column":61},"end":{"line":37,"column":3}}},"3":{"name":"(anonymous_17)","decl":{"start":{"line":39,"column":27},"end":{"line":39,"column":34}},"loc":{"start":{"line":39,"column":65},"end":{"line":67,"column":4}}},"4":{"name":"(anonymous_18)","decl":{"start":{"line":39,"column":65},"end":{"line":39,"column":null}},"loc":{"start":{"line":39,"column":65},"end":{"line":67,"column":3}}},"5":{"name":"(anonymous_19)","decl":{"start":{"line":69,"column":31},"end":{"line":69,"column":38}},"loc":{"start":{"line":69,"column":69},"end":{"line":93,"column":4}}},"6":{"name":"(anonymous_20)","decl":{"start":{"line":69,"column":69},"end":{"line":69,"column":null}},"loc":{"start":{"line":69,"column":69},"end":{"line":93,"column":3}}},"7":{"name":"(anonymous_21)","decl":{"start":{"line":95,"column":29},"end":{"line":95,"column":36}},"loc":{"start":{"line":95,"column":67},"end":{"line":112,"column":4}}},"8":{"name":"(anonymous_22)","decl":{"start":{"line":95,"column":67},"end":{"line":95,"column":null}},"loc":{"start":{"line":95,"column":67},"end":{"line":112,"column":3}}},"9":{"name":"(anonymous_23)","decl":{"start":{"line":114,"column":22},"end":{"line":114,"column":29}},"loc":{"start":{"line":114,"column":60},"end":{"line":124,"column":null}}},"10":{"name":"(anonymous_24)","decl":{"start":{"line":114,"column":60},"end":{"line":114,"column":null}},"loc":{"start":{"line":114,"column":60},"end":{"line":124,"column":3}}},"11":{"name":"(anonymous_25)","decl":{"start":{"line":126,"column":19},"end":{"line":126,"column":26}},"loc":{"start":{"line":126,"column":57},"end":{"line":139,"column":null}}},"12":{"name":"(anonymous_26)","decl":{"start":{"line":126,"column":57},"end":{"line":126,"column":null}},"loc":{"start":{"line":126,"column":57},"end":{"line":139,"column":3}}},"13":{"name":"(anonymous_27)","decl":{"start":{"line":141,"column":26},"end":{"line":141,"column":33}},"loc":{"start":{"line":141,"column":64},"end":{"line":155,"column":null}}},"14":{"name":"(anonymous_28)","decl":{"start":{"line":141,"column":64},"end":{"line":141,"column":null}},"loc":{"start":{"line":141,"column":64},"end":{"line":155,"column":3}}}},"branchMap":{"0":{"loc":{"start":{"line":10,"column":20},"end":{"line":10,"column":54}},"type":"binary-expr","locations":[{"start":{"line":10,"column":20},"end":{"line":10,"column":42}},{"start":{"line":10,"column":46},"end":{"line":10,"column":54}}]},"1":{"loc":{"start":{"line":23,"column":6},"end":{"line":33,"column":null}},"type":"if","locations":[{"start":{"line":23,"column":6},"end":{"line":33,"column":null}},{"start":{"line":25,"column":13},"end":{"line":33,"column":null}}]},"2":{"loc":{"start":{"line":25,"column":13},"end":{"line":33,"column":null}},"type":"if","locations":[{"start":{"line":25,"column":13},"end":{"line":33,"column":null}},{"start":{"line":27,"column":13},"end":{"line":33,"column":null}}]},"3":{"loc":{"start":{"line":27,"column":13},"end":{"line":33,"column":null}},"type":"if","locations":[{"start":{"line":27,"column":13},"end":{"line":33,"column":null}},{"start":{"line":29,"column":13},"end":{"line":33,"column":null}}]},"4":{"loc":{"start":{"line":43,"column":4},"end":{"line":47,"column":6}},"type":"if","locations":[{"start":{"line":43,"column":4},"end":{"line":47,"column":6}}]},"5":{"loc":{"start":{"line":43,"column":8},"end":{"line":43,"column":25}},"type":"binary-expr","locations":[{"start":{"line":43,"column":8},"end":{"line":43,"column":13}},{"start":{"line":43,"column":17},"end":{"line":43,"column":25}}]},"6":{"loc":{"start":{"line":48,"column":4},"end":{"line":52,"column":null}},"type":"if","locations":[{"start":{"line":48,"column":4},"end":{"line":52,"column":null}}]},"7":{"loc":{"start":{"line":72,"column":4},"end":{"line":72,"column":97}},"type":"if","locations":[{"start":{"line":72,"column":4},"end":{"line":72,"column":97}}]},"8":{"loc":{"start":{"line":74,"column":4},"end":{"line":78,"column":null}},"type":"if","locations":[{"start":{"line":74,"column":4},"end":{"line":78,"column":null}},{"start":{"line":76,"column":11},"end":{"line":78,"column":null}}]},"9":{"loc":{"start":{"line":76,"column":11},"end":{"line":78,"column":null}},"type":"if","locations":[{"start":{"line":76,"column":11},"end":{"line":78,"column":null}}]},"10":{"loc":{"start":{"line":81,"column":6},"end":{"line":83,"column":null}},"type":"if","locations":[{"start":{"line":81,"column":6},"end":{"line":83,"column":null}}]},"11":{"loc":{"start":{"line":85,"column":6},"end":{"line":89,"column":null}},"type":"if","locations":[{"start":{"line":85,"column":6},"end":{"line":89,"column":null}},{"start":{"line":87,"column":13},"end":{"line":89,"column":null}}]},"12":{"loc":{"start":{"line":97,"column":4},"end":{"line":99,"column":null}},"type":"if","locations":[{"start":{"line":97,"column":4},"end":{"line":99,"column":null}}]},"13":{"loc":{"start":{"line":97,"column":8},"end":{"line":97,"column":65}},"type":"binary-expr","locations":[{"start":{"line":97,"column":8},"end":{"line":97,"column":14}},{"start":{"line":97,"column":18},"end":{"line":97,"column":36}},{"start":{"line":97,"column":40},"end":{"line":97,"column":65}}]},"14":{"loc":{"start":{"line":102,"column":6},"end":{"line":107,"column":null}},"type":"if","locations":[{"start":{"line":102,"column":6},"end":{"line":107,"column":null}},{"start":{"line":104,"column":13},"end":{"line":107,"column":null}}]},"15":{"loc":{"start":{"line":117,"column":4},"end":{"line":122,"column":null}},"type":"if","locations":[{"start":{"line":117,"column":4},"end":{"line":122,"column":null}},{"start":{"line":119,"column":11},"end":{"line":122,"column":null}}]},"16":{"loc":{"start":{"line":128,"column":4},"end":{"line":128,"column":125}},"type":"if","locations":[{"start":{"line":128,"column":4},"end":{"line":128,"column":125}}]},"17":{"loc":{"start":{"line":128,"column":8},"end":{"line":128,"column":43}},"type":"binary-expr","locations":[{"start":{"line":128,"column":8},"end":{"line":128,"column":14}},{"start":{"line":128,"column":18},"end":{"line":128,"column":43}}]},"18":{"loc":{"start":{"line":131,"column":6},"end":{"line":135,"column":null}},"type":"if","locations":[{"start":{"line":131,"column":6},"end":{"line":135,"column":null}},{"start":{"line":133,"column":13},"end":{"line":135,"column":null}}]},"19":{"loc":{"start":{"line":143,"column":4},"end":{"line":143,"column":125}},"type":"if","locations":[{"start":{"line":143,"column":4},"end":{"line":143,"column":125}}]},"20":{"loc":{"start":{"line":143,"column":8},"end":{"line":143,"column":43}},"type":"binary-expr","locations":[{"start":{"line":143,"column":8},"end":{"line":143,"column":14}},{"start":{"line":143,"column":18},"end":{"line":143,"column":43}}]},"21":{"loc":{"start":{"line":146,"column":6},"end":{"line":151,"column":null}},"type":"if","locations":[{"start":{"line":146,"column":6},"end":{"line":151,"column":null}},{"start":{"line":148,"column":13},"end":{"line":151,"column":null}}]}},"s":{"0":1,"1":1,"2":1,"3":1,"4":1,"5":1,"6":1,"7":1,"8":1,"9":4,"10":4,"11":4,"12":4,"13":4,"14":4,"15":4,"16":2,"17":2,"18":1,"19":1,"20":0,"21":1,"22":1,"23":0,"24":1,"25":1,"26":1,"27":1,"28":1,"29":0,"30":1,"31":1,"32":0,"33":0,"34":0,"35":0,"36":1,"37":3,"38":3,"39":3,"40":3,"41":0,"42":3,"43":3,"44":1,"45":2,"46":1,"47":1,"48":1,"49":1,"50":0,"51":1,"52":1,"53":1,"54":0,"55":0,"56":1,"57":1,"58":1,"59":1,"60":0,"61":1,"62":1,"63":1,"64":0,"65":1,"66":1,"67":0,"68":1,"69":2,"70":2,"71":2,"72":2,"73":1,"74":1,"75":1,"76":1,"77":1,"78":1,"79":1,"80":0,"81":1,"82":1,"83":1,"84":0,"85":1,"86":0,"87":1,"88":1,"89":1,"90":1,"91":0,"92":1,"93":1,"94":1,"95":0,"96":1,"97":1,"98":0,"99":1},"f":{"0":1,"1":4,"2":4,"3":1,"4":1,"5":3,"6":3,"7":1,"8":1,"9":2,"10":2,"11":1,"12":1,"13":1,"14":1},"b":{"0":[1,0],"1":[2,2],"2":[1,1],"3":[0,1],"4":[0],"5":[1,1],"6":[1],"7":[0],"8":[1,2],"9":[1],"10":[0],"11":[1,0],"12":[0],"13":[1,1,1],"14":[0,1],"15":[1,1],"16":[0],"17":[1,1],"18":[0,1],"19":[0],"20":[1,1],"21":[0,1]}}
,"/home/reinaldo/projetos-limpos-trybe/caixa-conta/back-end/src/middleware/validateCashback.ts": {"path":"/home/reinaldo/projetos-limpos-trybe/caixa-conta/back-end/src/middleware/validateCashback.ts","statementMap":{"0":{"start":{"line":1,"column":0},"end":{"line":1,"column":40}},"1":{"start":{"line":4,"column":25},"end":{"line":13,"column":1}},"2":{"start":{"line":5,"column":38},"end":{"line":5,"column":46}},"3":{"start":{"line":6,"column":2},"end":{"line":12,"column":null}},"4":{"start":{"line":7,"column":4},"end":{"line":7,"column":88}},"5":{"start":{"line":8,"column":9},"end":{"line":12,"column":null}},"6":{"start":{"line":9,"column":4},"end":{"line":9,"column":91}},"7":{"start":{"line":11,"column":4},"end":{"line":11,"column":11}},"8":{"start":{"line":15,"column":0},"end":{"line":15,"column":32}}},"fnMap":{"0":{"name":"(anonymous_1)","decl":{"start":{"line":4,"column":25},"end":{"line":4,"column":26}},"loc":{"start":{"line":4,"column":77},"end":{"line":13,"column":1}}}},"branchMap":{"0":{"loc":{"start":{"line":6,"column":2},"end":{"line":12,"column":null}},"type":"if","locations":[{"start":{"line":6,"column":2},"end":{"line":12,"column":null}},{"start":{"line":8,"column":9},"end":{"line":12,"column":null}}]},"1":{"loc":{"start":{"line":6,"column":6},"end":{"line":6,"column":33}},"type":"binary-expr","locations":[{"start":{"line":6,"column":6},"end":{"line":6,"column":20}},{"start":{"line":6,"column":24},"end":{"line":6,"column":33}}]},"2":{"loc":{"start":{"line":8,"column":9},"end":{"line":12,"column":null}},"type":"if","locations":[{"start":{"line":8,"column":9},"end":{"line":12,"column":null}},{"start":{"line":10,"column":9},"end":{"line":12,"column":null}}]},"3":{"loc":{"start":{"line":8,"column":13},"end":{"line":8,"column":78}},"type":"binary-expr","locations":[{"start":{"line":8,"column":13},"end":{"line":8,"column":46}},{"start":{"line":8,"column":50},"end":{"line":8,"column":78}}]}},"s":{"0":1,"1":1,"2":2,"3":2,"4":1,"5":1,"6":0,"7":1,"8":1},"f":{"0":2},"b":{"0":[1,1],"1":[2,1],"2":[0,1],"3":[1,0]}}
,"/home/reinaldo/projetos-limpos-trybe/caixa-conta/back-end/src/middleware/validateCpf.ts": {"path":"/home/reinaldo/projetos-limpos-trybe/caixa-conta/back-end/src/middleware/validateCpf.ts","statementMap":{"0":{"start":{"line":1,"column":20},"end":{"line":35,"column":1}},"1":{"start":{"line":2,"column":1},"end":{"line":2,"column":33}},"2":{"start":{"line":3,"column":1},"end":{"line":3,"column":28}},"3":{"start":{"line":3,"column":15},"end":{"line":3,"column":28}},"4":{"start":{"line":4,"column":1},"end":{"line":15,"column":16}},"5":{"start":{"line":15,"column":3},"end":{"line":15,"column":16}},"6":{"start":{"line":17,"column":11},"end":{"line":17,"column":12}},"7":{"start":{"line":18,"column":1},"end":{"line":19,"column":44}},"8":{"start":{"line":18,"column":12},"end":{"line":18,"column":13}},"9":{"start":{"line":19,"column":2},"end":{"line":19,"column":44}},"10":{"start":{"line":20,"column":12},"end":{"line":20,"column":27}},"11":{"start":{"line":21,"column":2},"end":{"line":22,"column":11}},"12":{"start":{"line":22,"column":3},"end":{"line":22,"column":11}},"13":{"start":{"line":23,"column":2},"end":{"line":24,"column":16}},"14":{"start":{"line":24,"column":3},"end":{"line":24,"column":16}},"15":{"start":{"line":26,"column":1},"end":{"line":26,"column":9}},"16":{"start":{"line":27,"column":1},"end":{"line":28,"column":44}},"17":{"start":{"line":27,"column":14},"end":{"line":27,"column":15}},"18":{"start":{"line":28,"column":2},"end":{"line":28,"column":44}},"19":{"start":{"line":29,"column":1},"end":{"line":29,"column":23}},"20":{"start":{"line":30,"column":1},"end":{"line":31,"column":10}},"21":{"start":{"line":31,"column":2},"end":{"line":31,"column":10}},"22":{"start":{"line":32,"column":1},"end":{"line":33,"column":15}},"23":{"start":{"line":33,"column":2},"end":{"line":33,"column":15}},"24":{"start":{"line":34,"column":1},"end":{"line":34,"column":13}},"25":{"start":{"line":37,"column":0},"end":{"line":37,"column":27}}},"fnMap":{"0":{"name":"(anonymous_0)","decl":{"start":{"line":1,"column":20},"end":{"line":1,"column":21}},"loc":{"start":{"line":1,"column":36},"end":{"line":35,"column":1}}}},"branchMap":{"0":{"loc":{"start":{"line":3,"column":1},"end":{"line":3,"column":28}},"type":"if","locations":[{"start":{"line":3,"column":1},"end":{"line":3,"column":28}}]},"1":{"loc":{"start":{"line":4,"column":1},"end":{"line":15,"column":16}},"type":"if","locations":[{"start":{"line":4,"column":1},"end":{"line":15,"column":16}}]},"2":{"loc":{"start":{"line":4,"column":5},"end":{"line":14,"column":22}},"type":"binary-expr","locations":[{"start":{"line":4,"column":5},"end":{"line":4,"column":21}},{"start":{"line":5,"column":2},"end":{"line":5,"column":22}},{"start":{"line":6,"column":2},"end":{"line":6,"column":22}},{"start":{"line":7,"column":2},"end":{"line":7,"column":22}},{"start":{"line":8,"column":2},"end":{"line":8,"column":22}},{"start":{"line":9,"column":2},"end":{"line":9,"column":22}},{"start":{"line":10,"column":2},"end":{"line":10,"column":22}},{"start":{"line":11,"column":2},"end":{"line":11,"column":22}},{"start":{"line":12,"column":2},"end":{"line":12,"column":22}},{"start":{"line":13,"column":2},"end":{"line":13,"column":22}},{"start":{"line":14,"column":2},"end":{"line":14,"column":22}}]},"3":{"loc":{"start":{"line":21,"column":2},"end":{"line":22,"column":11}},"type":"if","locations":[{"start":{"line":21,"column":2},"end":{"line":22,"column":11}}]},"4":{"loc":{"start":{"line":21,"column":6},"end":{"line":21,"column":28}},"type":"binary-expr","locations":[{"start":{"line":21,"column":6},"end":{"line":21,"column":15}},{"start":{"line":21,"column":19},"end":{"line":21,"column":28}}]},"5":{"loc":{"start":{"line":23,"column":2},"end":{"line":24,"column":16}},"type":"if","locations":[{"start":{"line":23,"column":2},"end":{"line":24,"column":16}}]},"6":{"loc":{"start":{"line":30,"column":1},"end":{"line":31,"column":10}},"type":"if","locations":[{"start":{"line":30,"column":1},"end":{"line":31,"column":10}}]},"7":{"loc":{"start":{"line":30,"column":5},"end":{"line":30,"column":27}},"type":"binary-expr","locations":[{"start":{"line":30,"column":5},"end":{"line":30,"column":14}},{"start":{"line":30,"column":18},"end":{"line":30,"column":27}}]},"8":{"loc":{"start":{"line":32,"column":1},"end":{"line":33,"column":15}},"type":"if","locations":[{"start":{"line":32,"column":1},"end":{"line":33,"column":15}}]}},"s":{"0":1,"1":12,"2":12,"3":0,"4":12,"5":1,"6":11,"7":11,"8":11,"9":99,"10":11,"11":11,"12":1,"13":11,"14":1,"15":10,"16":10,"17":10,"18":100,"19":10,"20":10,"21":0,"22":10,"23":1,"24":9,"25":1},"f":{"0":12},"b":{"0":[0],"1":[1],"2":[12,11,11,11,11,11,11,11,11,11,11],"3":[1],"4":[11,10],"5":[1],"6":[0],"7":[10,10],"8":[1]}}
,"/home/reinaldo/projetos-limpos-trybe/caixa-conta/back-end/src/middleware/validateGetByUser.ts": {"path":"/home/reinaldo/projetos-limpos-trybe/caixa-conta/back-end/src/middleware/validateGetByUser.ts","statementMap":{"0":{"start":{"line":1,"column":0},"end":{"line":1,"column":40}},"1":{"start":{"line":4,"column":26},"end":{"line":15,"column":1}},"2":{"start":{"line":5,"column":30},"end":{"line":5,"column":38}},"3":{"start":{"line":6,"column":2},"end":{"line":14,"column":null}},"4":{"start":{"line":7,"column":4},"end":{"line":7,"column":85}},"5":{"start":{"line":8,"column":9},"end":{"line":14,"column":null}},"6":{"start":{"line":9,"column":4},"end":{"line":9,"column":89}},"7":{"start":{"line":10,"column":9},"end":{"line":14,"column":null}},"8":{"start":{"line":11,"column":4},"end":{"line":11,"column":null}},"9":{"start":{"line":13,"column":4},"end":{"line":13,"column":11}},"10":{"start":{"line":18,"column":0},"end":{"line":18,"column":33}}},"fnMap":{"0":{"name":"(anonymous_1)","decl":{"start":{"line":4,"column":26},"end":{"line":4,"column":27}},"loc":{"start":{"line":4,"column":78},"end":{"line":15,"column":1}}}},"branchMap":{"0":{"loc":{"start":{"line":6,"column":2},"end":{"line":14,"column":null}},"type":"if","locations":[{"start":{"line":6,"column":2},"end":{"line":14,"column":null}},{"start":{"line":8,"column":9},"end":{"line":14,"column":null}}]},"1":{"loc":{"start":{"line":6,"column":6},"end":{"line":6,"column":25}},"type":"binary-expr","locations":[{"start":{"line":6,"column":6},"end":{"line":6,"column":15}},{"start":{"line":6,"column":19},"end":{"line":6,"column":25}}]},"2":{"loc":{"start":{"line":8,"column":9},"end":{"line":14,"column":null}},"type":"if","locations":[{"start":{"line":8,"column":9},"end":{"line":14,"column":null}},{"start":{"line":10,"column":9},"end":{"line":14,"column":null}}]},"3":{"loc":{"start":{"line":8,"column":13},"end":{"line":8,"column":60}},"type":"binary-expr","locations":[{"start":{"line":8,"column":14},"end":{"line":8,"column":35}},{"start":{"line":8,"column":41},"end":{"line":8,"column":59}}]},"4":{"loc":{"start":{"line":10,"column":9},"end":{"line":14,"column":null}},"type":"if","locations":[{"start":{"line":10,"column":9},"end":{"line":14,"column":null}},{"start":{"line":12,"column":9},"end":{"line":14,"column":null}}]},"5":{"loc":{"start":{"line":10,"column":13},"end":{"line":10,"column":74}},"type":"binary-expr","locations":[{"start":{"line":10,"column":14},"end":{"line":10,"column":42}},{"start":{"line":10,"column":48},"end":{"line":10,"column":73}}]}},"s":{"0":1,"1":1,"2":3,"3":3,"4":1,"5":2,"6":0,"7":2,"8":1,"9":1,"10":1},"f":{"0":3},"b":{"0":[1,2],"1":[3,2],"2":[0,2],"3":[2,2],"4":[1,1],"5":[2,1]}}
,"/home/reinaldo/projetos-limpos-trybe/caixa-conta/back-end/src/middleware/validateToken.ts": {"path":"/home/reinaldo/projetos-limpos-trybe/caixa-conta/back-end/src/middleware/validateToken.ts","statementMap":{"0":{"start":{"line":1,"column":0},"end":{"line":1,"column":40}},"1":{"start":{"line":3,"column":0},"end":{"line":3,"column":31}},"2":{"start":{"line":14,"column":23},"end":{"line":14,"column":34}},"3":{"start":{"line":16,"column":22},"end":{"line":30,"column":1}},"4":{"start":{"line":17,"column":35},"end":{"line":17,"column":46}},"5":{"start":{"line":18,"column":2},"end":{"line":20,"column":6}},"6":{"start":{"line":18,"column":14},"end":{"line":20,"column":6}},"7":{"start":{"line":21,"column":2},"end":{"line":29,"column":null}},"8":{"start":{"line":22,"column":17},"end":{"line":22,"column":56}},"9":{"start":{"line":23,"column":4},"end":{"line":23,"column":33}},"10":{"start":{"line":24,"column":4},"end":{"line":24,"column":11}},"11":{"start":{"line":26,"column":4},"end":{"line":28,"column":8}},"12":{"start":{"line":32,"column":0},"end":{"line":32,"column":29}}},"fnMap":{"0":{"name":"(anonymous_1)","decl":{"start":{"line":16,"column":22},"end":{"line":16,"column":23}},"loc":{"start":{"line":16,"column":74},"end":{"line":30,"column":1}}}},"branchMap":{"0":{"loc":{"start":{"line":18,"column":2},"end":{"line":20,"column":6}},"type":"if","locations":[{"start":{"line":18,"column":2},"end":{"line":20,"column":6}}]}},"s":{"0":1,"1":1,"2":1,"3":1,"4":27,"5":27,"6":5,"7":22,"8":22,"9":20,"10":20,"11":2,"12":1},"f":{"0":27},"b":{"0":[5]}}
,"/home/reinaldo/projetos-limpos-trybe/caixa-conta/back-end/src/middleware/validateTransaction.ts": {"path":"/home/reinaldo/projetos-limpos-trybe/caixa-conta/back-end/src/middleware/validateTransaction.ts","statementMap":{"0":{"start":{"line":1,"column":0},"end":{"line":1,"column":40}},"1":{"start":{"line":3,"column":0},"end":{"line":3,"column":40}},"2":{"start":{"line":5,"column":28},"end":{"line":17,"column":1}},"3":{"start":{"line":6,"column":31},"end":{"line":6,"column":39}},"4":{"start":{"line":7,"column":19},"end":{"line":7,"column":41}},"5":{"start":{"line":8,"column":2},"end":{"line":16,"column":null}},"6":{"start":{"line":9,"column":4},"end":{"line":9,"column":88}},"7":{"start":{"line":10,"column":9},"end":{"line":16,"column":null}},"8":{"start":{"line":11,"column":4},"end":{"line":11,"column":88}},"9":{"start":{"line":12,"column":9},"end":{"line":16,"column":null}},"10":{"start":{"line":13,"column":4},"end":{"line":13,"column":91}},"11":{"start":{"line":15,"column":4},"end":{"line":15,"column":11}},"12":{"start":{"line":20,"column":0},"end":{"line":20,"column":35}}},"fnMap":{"0":{"name":"(anonymous_1)","decl":{"start":{"line":5,"column":28},"end":{"line":5,"column":29}},"loc":{"start":{"line":5,"column":80},"end":{"line":17,"column":1}}}},"branchMap":{"0":{"loc":{"start":{"line":8,"column":2},"end":{"line":16,"column":null}},"type":"if","locations":[{"start":{"line":8,"column":2},"end":{"line":16,"column":null}},{"start":{"line":10,"column":9},"end":{"line":16,"column":null}}]},"1":{"loc":{"start":{"line":10,"column":9},"end":{"line":16,"column":null}},"type":"if","locations":[{"start":{"line":10,"column":9},"end":{"line":16,"column":null}},{"start":{"line":12,"column":9},"end":{"line":16,"column":null}}]},"2":{"loc":{"start":{"line":10,"column":13},"end":{"line":10,"column":33}},"type":"binary-expr","locations":[{"start":{"line":10,"column":13},"end":{"line":10,"column":19}},{"start":{"line":10,"column":23},"end":{"line":10,"column":33}}]},"3":{"loc":{"start":{"line":12,"column":9},"end":{"line":16,"column":null}},"type":"if","locations":[{"start":{"line":12,"column":9},"end":{"line":16,"column":null}},{"start":{"line":14,"column":9},"end":{"line":16,"column":null}}]},"4":{"loc":{"start":{"line":12,"column":13},"end":{"line":12,"column":71}},"type":"binary-expr","locations":[{"start":{"line":12,"column":13},"end":{"line":12,"column":38}},{"start":{"line":12,"column":42},"end":{"line":12,"column":71}}]}},"s":{"0":1,"1":1,"2":1,"3":8,"4":8,"5":8,"6":1,"7":7,"8":0,"9":7,"10":0,"11":7,"12":1},"f":{"0":8},"b":{"0":[1,7],"1":[0,7],"2":[7,7],"3":[0,7],"4":[7,0]}}
,"/home/reinaldo/projetos-limpos-trybe/caixa-conta/back-end/src/middleware/validateUpdateUser.ts": {"path":"/home/reinaldo/projetos-limpos-trybe/caixa-conta/back-end/src/middleware/validateUpdateUser.ts","statementMap":{"0":{"start":{"line":1,"column":0},"end":{"line":1,"column":40}},"1":{"start":{"line":4,"column":27},"end":{"line":15,"column":1}},"2":{"start":{"line":5,"column":41},"end":{"line":5,"column":49}},"3":{"start":{"line":6,"column":2},"end":{"line":14,"column":null}},"4":{"start":{"line":7,"column":4},"end":{"line":7,"column":92}},"5":{"start":{"line":8,"column":9},"end":{"line":14,"column":null}},"6":{"start":{"line":9,"column":4},"end":{"line":9,"column":91}},"7":{"start":{"line":10,"column":9},"end":{"line":14,"column":null}},"8":{"start":{"line":11,"column":4},"end":{"line":11,"column":89}},"9":{"start":{"line":13,"column":4},"end":{"line":13,"column":11}},"10":{"start":{"line":18,"column":0},"end":{"line":18,"column":34}}},"fnMap":{"0":{"name":"(anonymous_1)","decl":{"start":{"line":4,"column":27},"end":{"line":4,"column":28}},"loc":{"start":{"line":4,"column":79},"end":{"line":15,"column":1}}}},"branchMap":{"0":{"loc":{"start":{"line":6,"column":2},"end":{"line":14,"column":null}},"type":"if","locations":[{"start":{"line":6,"column":2},"end":{"line":14,"column":null}},{"start":{"line":8,"column":9},"end":{"line":14,"column":null}}]},"1":{"loc":{"start":{"line":6,"column":6},"end":{"line":6,"column":42}},"type":"binary-expr","locations":[{"start":{"line":6,"column":6},"end":{"line":6,"column":11}},{"start":{"line":6,"column":15},"end":{"line":6,"column":24}},{"start":{"line":6,"column":28},"end":{"line":6,"column":34}},{"start":{"line":6,"column":38},"end":{"line":6,"column":42}}]},"2":{"loc":{"start":{"line":8,"column":9},"end":{"line":14,"column":null}},"type":"if","locations":[{"start":{"line":8,"column":9},"end":{"line":14,"column":null}},{"start":{"line":10,"column":9},"end":{"line":14,"column":null}}]},"3":{"loc":{"start":{"line":8,"column":13},"end":{"line":8,"column":133}},"type":"binary-expr","locations":[{"start":{"line":8,"column":14},"end":{"line":8,"column":38}},{"start":{"line":8,"column":44},"end":{"line":8,"column":72}},{"start":{"line":8,"column":78},"end":{"line":8,"column":103}},{"start":{"line":8,"column":109},"end":{"line":8,"column":132}}]},"4":{"loc":{"start":{"line":10,"column":9},"end":{"line":14,"column":null}},"type":"if","locations":[{"start":{"line":10,"column":9},"end":{"line":14,"column":null}},{"start":{"line":12,"column":9},"end":{"line":14,"column":null}}]},"5":{"loc":{"start":{"line":10,"column":13},"end":{"line":10,"column":105}},"type":"binary-expr","locations":[{"start":{"line":10,"column":14},"end":{"line":10,"column":31}},{"start":{"line":10,"column":37},"end":{"line":10,"column":58}},{"start":{"line":10,"column":64},"end":{"line":10,"column":82}},{"start":{"line":10,"column":88},"end":{"line":10,"column":104}}]}},"s":{"0":1,"1":1,"2":6,"3":6,"4":2,"5":4,"6":0,"7":4,"8":0,"9":4,"10":1},"f":{"0":6},"b":{"0":[2,4],"1":[6,5,5,5],"2":[0,4],"3":[4,4,4,4],"4":[0,4],"5":[4,4,4,4]}}
,"/home/reinaldo/projetos-limpos-trybe/caixa-conta/back-end/src/middleware/validateUser.ts": {"path":"/home/reinaldo/projetos-limpos-trybe/caixa-conta/back-end/src/middleware/validateUser.ts","statementMap":{"0":{"start":{"line":1,"column":0},"end":{"line":1,"column":40}},"1":{"start":{"line":4,"column":21},"end":{"line":15,"column":1}},"2":{"start":{"line":5,"column":36},"end":{"line":5,"column":44}},"3":{"start":{"line":6,"column":2},"end":{"line":14,"column":null}},"4":{"start":{"line":7,"column":4},"end":{"line":7,"column":88}},"5":{"start":{"line":8,"column":9},"end":{"line":14,"column":null}},"6":{"start":{"line":9,"column":4},"end":{"line":9,"column":91}},"7":{"start":{"line":10,"column":9},"end":{"line":14,"column":null}},"8":{"start":{"line":11,"column":4},"end":{"line":11,"column":89}},"9":{"start":{"line":13,"column":4},"end":{"line":13,"column":11}},"10":{"start":{"line":18,"column":0},"end":{"line":18,"column":28}}},"fnMap":{"0":{"name":"(anonymous_1)","decl":{"start":{"line":4,"column":21},"end":{"line":4,"column":22}},"loc":{"start":{"line":4,"column":73},"end":{"line":15,"column":1}}}},"branchMap":{"0":{"loc":{"start":{"line":6,"column":2},"end":{"line":14,"column":null}},"type":"if","locations":[{"start":{"line":6,"column":2},"end":{"line":14,"column":null}},{"start":{"line":8,"column":9},"end":{"line":14,"column":null}}]},"1":{"loc":{"start":{"line":6,"column":5},"end":{"line":6,"column":33}},"type":"binary-expr","locations":[{"start":{"line":6,"column":5},"end":{"line":6,"column":10}},{"start":{"line":6,"column":14},"end":{"line":6,"column":23}},{"start":{"line":6,"column":27},"end":{"line":6,"column":33}}]},"2":{"loc":{"start":{"line":8,"column":9},"end":{"line":14,"column":null}},"type":"if","locations":[{"start":{"line":8,"column":9},"end":{"line":14,"column":null}},{"start":{"line":10,"column":9},"end":{"line":14,"column":null}}]},"3":{"loc":{"start":{"line":8,"column":12},"end":{"line":8,"column":103}},"type":"binary-expr","locations":[{"start":{"line":8,"column":13},"end":{"line":8,"column":37}},{"start":{"line":8,"column":43},"end":{"line":8,"column":71}},{"start":{"line":8,"column":77},"end":{"line":8,"column":102}}]},"4":{"loc":{"start":{"line":10,"column":9},"end":{"line":14,"column":null}},"type":"if","locations":[{"start":{"line":10,"column":9},"end":{"line":14,"column":null}},{"start":{"line":12,"column":9},"end":{"line":14,"column":null}}]},"5":{"loc":{"start":{"line":10,"column":12},"end":{"line":10,"column":82}},"type":"binary-expr","locations":[{"start":{"line":10,"column":13},"end":{"line":10,"column":30}},{"start":{"line":10,"column":36},"end":{"line":10,"column":57}},{"start":{"line":10,"column":63},"end":{"line":10,"column":81}}]}},"s":{"0":1,"1":1,"2":4,"3":4,"4":1,"5":3,"6":1,"7":2,"8":0,"9":2,"10":1},"f":{"0":4},"b":{"0":[1,3],"1":[4,4,4],"2":[1,2],"3":[3,3,3],"4":[0,2],"5":[2,2,2]}}
,"/home/reinaldo/projetos-limpos-trybe/caixa-conta/back-end/src/routes/TransactionRouter.ts": {"path":"/home/reinaldo/projetos-limpos-trybe/caixa-conta/back-end/src/routes/TransactionRouter.ts","statementMap":{"0":{"start":{"line":1,"column":0},"end":{"line":1,"column":33}},"1":{"start":{"line":2,"column":0},"end":{"line":2,"column":70}},"2":{"start":{"line":3,"column":0},"end":{"line":3,"column":56}},"3":{"start":{"line":4,"column":0},"end":{"line":4,"column":68}},"4":{"start":{"line":5,"column":0},"end":{"line":5,"column":62}},"5":{"start":{"line":7,"column":26},"end":{"line":7,"column":34}},"6":{"start":{"line":8,"column":20},"end":{"line":8,"column":44}},"7":{"start":{"line":10,"column":0},"end":{"line":10,"column":106}},"8":{"start":{"line":12,"column":0},"end":{"line":12,"column":100}},"9":{"start":{"line":15,"column":0},"end":{"line":15,"column":33}}},"fnMap":{},"branchMap":{},"s":{"0":1,"1":1,"2":1,"3":1,"4":1,"5":1,"6":1,"7":1,"8":1,"9":1},"f":{},"b":{}}
,"/home/reinaldo/projetos-limpos-trybe/caixa-conta/back-end/src/routes/UserRoutes.ts": {"path":"/home/reinaldo/projetos-limpos-trybe/caixa-conta/back-end/src/routes/UserRoutes.ts","statementMap":{"0":{"start":{"line":1,"column":0},"end":{"line":1,"column":49}},"1":{"start":{"line":2,"column":0},"end":{"line":2,"column":33}},"2":{"start":{"line":3,"column":0},"end":{"line":3,"column":56}},"3":{"start":{"line":4,"column":0},"end":{"line":4,"column":66}},"4":{"start":{"line":5,"column":0},"end":{"line":5,"column":54}},"5":{"start":{"line":6,"column":0},"end":{"line":6,"column":64}},"6":{"start":{"line":8,"column":19},"end":{"line":8,"column":27}},"7":{"start":{"line":9,"column":23},"end":{"line":9,"column":43}},"8":{"start":{"line":11,"column":0},"end":{"line":11,"column":74}},"9":{"start":{"line":12,"column":0},"end":{"line":12,"column":90}},"10":{"start":{"line":13,"column":0},"end":{"line":13,"column":78}},"11":{"start":{"line":14,"column":0},"end":{"line":14,"column":77}},"12":{"start":{"line":15,"column":0},"end":{"line":15,"column":81}},"13":{"start":{"line":16,"column":0},"end":{"line":16,"column":70}},"14":{"start":{"line":17,"column":0},"end":{"line":17,"column":null}},"15":{"start":{"line":19,"column":0},"end":{"line":19,"column":26}}},"fnMap":{},"branchMap":{},"s":{"0":1,"1":1,"2":1,"3":1,"4":1,"5":1,"6":1,"7":1,"8":1,"9":1,"10":1,"11":1,"12":1,"13":1,"14":1,"15":1},"f":{},"b":{}}
,"/home/reinaldo/projetos-limpos-trybe/caixa-conta/back-end/src/services/TransactionService.ts": {"path":"/home/reinaldo/projetos-limpos-trybe/caixa-conta/back-end/src/services/TransactionService.ts","statementMap":{"0":{"start":{"line":1,"column":0},"end":{"line":1,"column":46}},"1":{"start":{"line":3,"column":0},"end":{"line":3,"column":36}},"2":{"start":{"line":7,"column":10},"end":{"line":7,"column":38}},"3":{"start":{"line":11,"column":9},"end":{"line":22,"column":4}},"4":{"start":{"line":11,"column":83},"end":{"line":22,"column":4}},"5":{"start":{"line":12,"column":33},"end":{"line":12,"column":37}},"6":{"start":{"line":14,"column":24},"end":{"line":20,"column":6}},"7":{"start":{"line":21,"column":4},"end":{"line":21,"column":52}},"8":{"start":{"line":24,"column":9},"end":{"line":34,"column":4}},"9":{"start":{"line":24,"column":80},"end":{"line":34,"column":4}},"10":{"start":{"line":25,"column":40},"end":{"line":25,"column":44}},"11":{"start":{"line":27,"column":24},"end":{"line":32,"column":6}},"12":{"start":{"line":33,"column":4},"end":{"line":33,"column":52}},"13":{"start":{"line":43,"column":9},"end":{"line":48,"column":null}},"14":{"start":{"line":43,"column":81},"end":{"line":48,"column":null}},"15":{"start":{"line":44,"column":24},"end":{"line":46,"column":6}},"16":{"start":{"line":47,"column":4},"end":{"line":47,"column":50}},"17":{"start":{"line":52,"column":0},"end":{"line":52,"column":27}}},"fnMap":{"0":{"name":"(anonymous_7)","decl":{"start":{"line":9,"column":2},"end":{"line":9,"column":18}},"loc":{"start":{"line":9,"column":2},"end":{"line":9,"column":19}}},"1":{"name":"(anonymous_8)","decl":{"start":{"line":11,"column":29},"end":{"line":11,"column":36}},"loc":{"start":{"line":11,"column":83},"end":{"line":22,"column":4}}},"2":{"name":"(anonymous_9)","decl":{"start":{"line":11,"column":83},"end":{"line":11,"column":null}},"loc":{"start":{"line":11,"column":83},"end":{"line":22,"column":3}}},"3":{"name":"(anonymous_10)","decl":{"start":{"line":24,"column":26},"end":{"line":24,"column":33}},"loc":{"start":{"line":24,"column":80},"end":{"line":34,"column":4}}},"4":{"name":"(anonymous_11)","decl":{"start":{"line":24,"column":80},"end":{"line":24,"column":null}},"loc":{"start":{"line":24,"column":80},"end":{"line":34,"column":3}}},"5":{"name":"(anonymous_12)","decl":{"start":{"line":43,"column":26},"end":{"line":43,"column":33}},"loc":{"start":{"line":43,"column":81},"end":{"line":48,"column":null}}},"6":{"name":"(anonymous_13)","decl":{"start":{"line":43,"column":81},"end":{"line":43,"column":null}},"loc":{"start":{"line":43,"column":81},"end":{"line":48,"column":3}}}},"branchMap":{},"s":{"0":1,"1":1,"2":1,"3":1,"4":4,"5":4,"6":4,"7":4,"8":1,"9":0,"10":0,"11":0,"12":0,"13":1,"14":1,"15":1,"16":1,"17":1},"f":{"0":1,"1":4,"2":4,"3":0,"4":0,"5":1,"6":1},"b":{}}
,"/home/reinaldo/projetos-limpos-trybe/caixa-conta/back-end/src/services/UserService.ts": {"path":"/home/reinaldo/projetos-limpos-trybe/caixa-conta/back-end/src/services/UserService.ts","statementMap":{"0":{"start":{"line":1,"column":0},"end":{"line":1,"column":46}},"1":{"start":{"line":2,"column":0},"end":{"line":2,"column":33}},"2":{"start":{"line":7,"column":10},"end":{"line":7,"column":38}},"3":{"start":{"line":11,"column":9},"end":{"line":27,"column":4}},"4":{"start":{"line":11,"column":63},"end":{"line":27,"column":4}},"5":{"start":{"line":12,"column":43},"end":{"line":12,"column":47}},"6":{"start":{"line":13,"column":17},"end":{"line":13,"column":37}},"7":{"start":{"line":14,"column":25},"end":{"line":14,"column":56}},"8":{"start":{"line":15,"column":20},"end":{"line":24,"column":6}},"9":{"start":{"line":26,"column":4},"end":{"line":26,"column":41}},"10":{"start":{"line":29,"column":9},"end":{"line":35,"column":null}},"11":{"start":{"line":29,"column":63},"end":{"line":35,"column":null}},"12":{"start":{"line":30,"column":19},"end":{"line":32,"column":6}},"13":{"start":{"line":33,"column":4},"end":{"line":33,"column":38}},"14":{"start":{"line":37,"column":9},"end":{"line":43,"column":null}},"15":{"start":{"line":37,"column":59},"end":{"line":43,"column":null}},"16":{"start":{"line":38,"column":19},"end":{"line":40,"column":6}},"17":{"start":{"line":41,"column":4},"end":{"line":41,"column":38}},"18":{"start":{"line":45,"column":9},"end":{"line":51,"column":null}},"19":{"start":{"line":45,"column":57},"end":{"line":51,"column":null}},"20":{"start":{"line":46,"column":19},"end":{"line":48,"column":6}},"21":{"start":{"line":49,"column":4},"end":{"line":49,"column":38}},"22":{"start":{"line":53,"column":9},"end":{"line":60,"column":null}},"23":{"start":{"line":53,"column":69},"end":{"line":60,"column":null}},"24":{"start":{"line":54,"column":19},"end":{"line":57,"column":6}},"25":{"start":{"line":58,"column":4},"end":{"line":58,"column":38}},"26":{"start":{"line":62,"column":9},"end":{"line":72,"column":4}},"27":{"start":{"line":62,"column":72},"end":{"line":72,"column":4}},"28":{"start":{"line":63,"column":38},"end":{"line":63,"column":42}},"29":{"start":{"line":64,"column":17},"end":{"line":64,"column":37}},"30":{"start":{"line":65,"column":25},"end":{"line":65,"column":56}},"31":{"start":{"line":66,"column":19},"end":{"line":69,"column":6}},"32":{"start":{"line":71,"column":4},"end":{"line":71,"column":44}},"33":{"start":{"line":74,"column":9},"end":{"line":81,"column":4}},"34":{"start":{"line":74,"column":62},"end":{"line":81,"column":4}},"35":{"start":{"line":75,"column":17},"end":{"line":78,"column":6}},"36":{"start":{"line":80,"column":4},"end":{"line":80,"column":36}},"37":{"start":{"line":83,"column":9},"end":{"line":90,"column":null}},"38":{"start":{"line":83,"column":59},"end":{"line":90,"column":null}},"39":{"start":{"line":84,"column":17},"end":{"line":87,"column":6}},"40":{"start":{"line":89,"column":4},"end":{"line":89,"column":36}},"41":{"start":{"line":92,"column":9},"end":{"line":100,"column":4}},"42":{"start":{"line":92,"column":58},"end":{"line":100,"column":4}},"43":{"start":{"line":93,"column":17},"end":{"line":97,"column":6}},"44":{"start":{"line":99,"column":4},"end":{"line":99,"column":36}},"45":{"start":{"line":105,"column":0},"end":{"line":105,"column":27}}},"fnMap":{"0":{"name":"(anonymous_13)","decl":{"start":{"line":9,"column":2},"end":{"line":9,"column":17}},"loc":{"start":{"line":9,"column":2},"end":{"line":9,"column":18}}},"1":{"name":"(anonymous_14)","decl":{"start":{"line":11,"column":22},"end":{"line":11,"column":29}},"loc":{"start":{"line":11,"column":63},"end":{"line":27,"column":4}}},"2":{"name":"(anonymous_15)","decl":{"start":{"line":11,"column":63},"end":{"line":11,"column":null}},"loc":{"start":{"line":11,"column":63},"end":{"line":27,"column":3}}},"3":{"name":"(anonymous_16)","decl":{"start":{"line":29,"column":23},"end":{"line":29,"column":30}},"loc":{"start":{"line":29,"column":63},"end":{"line":35,"column":null}}},"4":{"name":"(anonymous_17)","decl":{"start":{"line":29,"column":63},"end":{"line":29,"column":null}},"loc":{"start":{"line":29,"column":63},"end":{"line":35,"column":3}}},"5":{"name":"(anonymous_18)","decl":{"start":{"line":37,"column":21},"end":{"line":37,"column":28}},"loc":{"start":{"line":37,"column":59},"end":{"line":43,"column":null}}},"6":{"name":"(anonymous_19)","decl":{"start":{"line":37,"column":59},"end":{"line":37,"column":null}},"loc":{"start":{"line":37,"column":59},"end":{"line":43,"column":3}}},"7":{"name":"(anonymous_20)","decl":{"start":{"line":45,"column":20},"end":{"line":45,"column":27}},"loc":{"start":{"line":45,"column":57},"end":{"line":51,"column":null}}},"8":{"name":"(anonymous_21)","decl":{"start":{"line":45,"column":57},"end":{"line":45,"column":null}},"loc":{"start":{"line":45,"column":57},"end":{"line":51,"column":3}}},"9":{"name":"(anonymous_22)","decl":{"start":{"line":53,"column":31},"end":{"line":53,"column":38}},"loc":{"start":{"line":53,"column":69},"end":{"line":60,"column":null}}},"10":{"name":"(anonymous_23)","decl":{"start":{"line":53,"column":69},"end":{"line":53,"column":null}},"loc":{"start":{"line":53,"column":69},"end":{"line":60,"column":3}}},"11":{"name":"(anonymous_24)","decl":{"start":{"line":62,"column":22},"end":{"line":62,"column":29}},"loc":{"start":{"line":62,"column":72},"end":{"line":72,"column":4}}},"12":{"name":"(anonymous_25)","decl":{"start":{"line":62,"column":72},"end":{"line":62,"column":null}},"loc":{"start":{"line":62,"column":72},"end":{"line":72,"column":3}}},"13":{"name":"(anonymous_26)","decl":{"start":{"line":74,"column":22},"end":{"line":74,"column":29}},"loc":{"start":{"line":74,"column":62},"end":{"line":81,"column":4}}},"14":{"name":"(anonymous_27)","decl":{"start":{"line":74,"column":62},"end":{"line":74,"column":null}},"loc":{"start":{"line":74,"column":62},"end":{"line":81,"column":3}}},"15":{"name":"(anonymous_28)","decl":{"start":{"line":83,"column":19},"end":{"line":83,"column":26}},"loc":{"start":{"line":83,"column":59},"end":{"line":90,"column":null}}},"16":{"name":"(anonymous_29)","decl":{"start":{"line":83,"column":59},"end":{"line":83,"column":null}},"loc":{"start":{"line":83,"column":59},"end":{"line":90,"column":3}}},"17":{"name":"(anonymous_30)","decl":{"start":{"line":92,"column":18},"end":{"line":92,"column":25}},"loc":{"start":{"line":92,"column":58},"end":{"line":100,"column":4}}},"18":{"name":"(anonymous_31)","decl":{"start":{"line":92,"column":58},"end":{"line":92,"column":null}},"loc":{"start":{"line":92,"column":58},"end":{"line":100,"column":3}}}},"branchMap":{},"s":{"0":1,"1":1,"2":2,"3":2,"4":1,"5":1,"6":1,"7":1,"8":1,"9":1,"10":2,"11":9,"12":9,"13":9,"14":2,"15":12,"16":12,"17":12,"18":2,"19":11,"20":11,"21":11,"22":2,"23":1,"24":1,"25":1,"26":2,"27":1,"28":1,"29":1,"30":1,"31":1,"32":1,"33":2,"34":1,"35":1,"36":1,"37":2,"38":1,"39":1,"40":1,"41":2,"42":1,"43":1,"44":1,"45":1},"f":{"0":2,"1":1,"2":1,"3":9,"4":9,"5":12,"6":12,"7":11,"8":11,"9":1,"10":1,"11":1,"12":1,"13":1,"14":1,"15":1,"16":1,"17":1,"18":1},"b":{}}
}
