TN:
SF:src/StatusCode.ts
FNF:0
FNH:0
DA:1,1
DA:11,1
LF:2
LH:2
BRF:0
BRH:0
end_of_record
TN:
SF:src/app.ts
FNF:0
FNH:0
DA:1,1
DA:2,1
DA:3,1
DA:4,1
DA:6,1
DA:7,1
DA:9,1
DA:10,1
DA:11,1
DA:13,1
LF:10
LH:10
BRF:0
BRH:0
end_of_record
TN:
SF:src/controllers/TransactionController.ts
FN:11,(anonymous_8)
FN:13,(anonymous_9)
FN:13,(anonymous_10)
FN:36,(anonymous_11)
FN:36,(anonymous_12)
FNF:5
FNH:5
FNDA:1,(anonymous_8)
FNDA:7,(anonymous_9)
FNDA:7,(anonymous_10)
FNDA:1,(anonymous_11)
FNDA:1,(anonymous_12)
DA:1,1
DA:3,1
DA:4,1
DA:8,1
DA:9,1
DA:13,7
DA:14,7
DA:15,7
DA:16,7
DA:17,7
DA:18,7
DA:19,7
DA:20,1
DA:21,6
DA:22,1
DA:23,5
DA:24,1
DA:26,4
DA:27,4
DA:30,0
DA:31,0
DA:36,1
DA:37,1
DA:38,1
DA:39,1
DA:40,1
DA:41,1
DA:42,1
DA:43,0
DA:44,1
DA:45,0
DA:46,1
DA:47,1
DA:49,0
DA:50,0
DA:53,0
DA:54,0
DA:79,1
LF:38
LH:30
BRDA:19,0,0,1
BRDA:19,0,1,6
BRDA:21,1,0,1
BRDA:21,1,1,5
BRDA:23,2,0,1
BRDA:23,2,1,4
BRDA:42,3,0,0
BRDA:42,3,1,1
BRDA:44,4,0,0
BRDA:44,4,1,1
BRDA:46,5,0,1
BRDA:46,5,1,0
BRF:12
BRH:9
end_of_record
TN:
SF:src/controllers/User.ts
FN:15,(anonymous_14)
FN:17,(anonymous_15)
FN:17,(anonymous_16)
FN:39,(anonymous_17)
FN:39,(anonymous_18)
FN:69,(anonymous_19)
FN:69,(anonymous_20)
FN:95,(anonymous_21)
FN:95,(anonymous_22)
FN:114,(anonymous_23)
FN:114,(anonymous_24)
FN:126,(anonymous_25)
FN:126,(anonymous_26)
FN:141,(anonymous_27)
FN:141,(anonymous_28)
FNF:15
FNH:15
FNDA:1,(anonymous_14)
FNDA:4,(anonymous_15)
FNDA:4,(anonymous_16)
FNDA:1,(anonymous_17)
FNDA:1,(anonymous_18)
FNDA:3,(anonymous_19)
FNDA:3,(anonymous_20)
FNDA:1,(anonymous_21)
FNDA:1,(anonymous_22)
FNDA:2,(anonymous_23)
FNDA:2,(anonymous_24)
FNDA:1,(anonymous_25)
FNDA:1,(anonymous_26)
FNDA:1,(anonymous_27)
FNDA:1,(anonymous_28)
DA:1,1
DA:2,1
DA:3,1
DA:5,1
DA:6,1
DA:7,1
DA:10,1
DA:13,1
DA:17,4
DA:18,4
DA:19,4
DA:20,4
DA:21,4
DA:22,4
DA:23,4
DA:24,2
DA:25,2
DA:26,1
DA:27,1
DA:28,0
DA:30,1
DA:32,1
DA:35,0
DA:39,1
DA:40,1
DA:41,1
DA:43,1
DA:44,0
DA:48,1
DA:49,1
DA:53,0
DA:58,0
DA:62,0
DA:64,0
DA:69,3
DA:70,3
DA:71,3
DA:72,3
DA:73,3
DA:74,3
DA:75,1
DA:76,2
DA:77,1
DA:79,1
DA:80,1
DA:81,1
DA:82,0
DA:84,1
DA:85,1
DA:86,1
DA:88,0
DA:91,0
DA:95,1
DA:96,1
DA:97,1
DA:98,0
DA:100,1
DA:101,1
DA:102,1
DA:103,0
DA:105,1
DA:106,1
DA:109,0
DA:114,2
DA:115,2
DA:116,2
DA:117,2
DA:118,1
DA:120,1
DA:121,1
DA:126,1
DA:127,1
DA:128,1
DA:129,1
DA:130,1
DA:131,1
DA:132,0
DA:134,1
DA:137,0
DA:141,1
DA:142,1
DA:143,1
DA:144,1
DA:145,1
DA:146,1
DA:147,0
DA:149,1
DA:150,1
DA:153,0
DA:161,1
LF:90
LH:73
BRDA:10,0,0,1
BRDA:10,0,1,0
BRDA:23,1,0,2
BRDA:23,1,1,2
BRDA:25,2,0,1
BRDA:25,2,1,1
BRDA:27,3,0,0
BRDA:27,3,1,1
BRDA:43,4,0,0
BRDA:43,5,0,1
BRDA:43,5,1,1
BRDA:48,6,0,1
BRDA:72,7,0,0
BRDA:74,8,0,1
BRDA:74,8,1,2
BRDA:76,9,0,1
BRDA:81,10,0,0
BRDA:85,11,0,1
BRDA:85,11,1,0
BRDA:97,12,0,0
BRDA:97,13,0,1
BRDA:97,13,1,1
BRDA:97,13,2,1
BRDA:102,14,0,0
BRDA:102,14,1,1
BRDA:117,15,0,1
BRDA:117,15,1,1
BRDA:128,16,0,0
BRDA:128,17,0,1
BRDA:128,17,1,1
BRDA:131,18,0,0
BRDA:131,18,1,1
BRDA:143,19,0,0
BRDA:143,20,0,1
BRDA:143,20,1,1
BRDA:146,21,0,0
BRDA:146,21,1,1
BRF:37
BRH:25
end_of_record
TN:
SF:src/middleware/validateCashback.ts
FN:4,(anonymous_1)
FNF:1
FNH:1
FNDA:2,(anonymous_1)
DA:1,1
DA:4,1
DA:5,2
DA:6,2
DA:7,1
DA:8,1
DA:9,0
DA:11,1
DA:15,1
LF:9
LH:8
BRDA:6,0,0,1
BRDA:6,0,1,1
BRDA:6,1,0,2
BRDA:6,1,1,1
BRDA:8,2,0,0
BRDA:8,2,1,1
BRDA:8,3,0,1
BRDA:8,3,1,0
BRF:8
BRH:6
end_of_record
TN:
SF:src/middleware/validateCpf.ts
FN:1,(anonymous_0)
FNF:1
FNH:1
FNDA:12,(anonymous_0)
DA:1,1
DA:2,12
DA:3,12
DA:4,12
DA:15,1
DA:17,11
DA:18,11
DA:19,99
DA:20,11
DA:21,11
DA:22,1
DA:23,11
DA:24,1
DA:26,10
DA:27,10
DA:28,100
DA:29,10
DA:30,10
DA:31,0
DA:32,10
DA:33,1
DA:34,9
DA:37,1
LF:23
LH:22
BRDA:3,0,0,0
BRDA:4,1,0,1
BRDA:4,2,0,12
BRDA:4,2,1,11
BRDA:4,2,2,11
BRDA:4,2,3,11
BRDA:4,2,4,11
BRDA:4,2,5,11
BRDA:4,2,6,11
BRDA:4,2,7,11
BRDA:4,2,8,11
BRDA:4,2,9,11
BRDA:4,2,10,11
BRDA:21,3,0,1
BRDA:21,4,0,11
BRDA:21,4,1,10
BRDA:23,5,0,1
BRDA:30,6,0,0
BRDA:30,7,0,10
BRDA:30,7,1,10
BRDA:32,8,0,1
BRF:21
BRH:19
end_of_record
TN:
SF:src/middleware/validateGetByUser.ts
FN:4,(anonymous_1)
FNF:1
FNH:1
FNDA:3,(anonymous_1)
DA:1,1
DA:4,1
DA:5,3
DA:6,3
DA:7,1
DA:8,2
DA:9,0
DA:10,2
DA:11,1
DA:13,1
DA:18,1
LF:11
LH:10
BRDA:6,0,0,1
BRDA:6,0,1,2
BRDA:6,1,0,3
BRDA:6,1,1,2
BRDA:8,2,0,0
BRDA:8,2,1,2
BRDA:8,3,0,2
BRDA:8,3,1,2
BRDA:10,4,0,1
BRDA:10,4,1,1
BRDA:10,5,0,2
BRDA:10,5,1,1
BRF:12
BRH:11
end_of_record
TN:
SF:src/middleware/validateToken.ts
FN:16,(anonymous_1)
FNF:1
FNH:1
FNDA:27,(anonymous_1)
DA:1,1
DA:3,1
DA:14,1
DA:16,1
DA:17,27
DA:18,27
DA:21,22
DA:22,22
DA:23,20
DA:24,20
DA:26,2
DA:32,1
LF:12
LH:12
BRDA:18,0,0,5
BRF:1
BRH:1
end_of_record
TN:
SF:src/middleware/validateTransaction.ts
FN:5,(anonymous_1)
FNF:1
FNH:1
FNDA:8,(anonymous_1)
DA:1,1
DA:3,1
DA:5,1
DA:6,8
DA:7,8
DA:8,8
DA:9,1
DA:10,7
DA:11,0
DA:12,7
DA:13,0
DA:15,7
DA:20,1
LF:13
LH:11
BRDA:8,0,0,1
BRDA:8,0,1,7
BRDA:10,1,0,0
BRDA:10,1,1,7
BRDA:10,2,0,7
BRDA:10,2,1,7
BRDA:12,3,0,0
BRDA:12,3,1,7
BRDA:12,4,0,7
BRDA:12,4,1,0
BRF:10
BRH:7
end_of_record
TN:
SF:src/middleware/validateUpdateUser.ts
FN:4,(anonymous_1)
FNF:1
FNH:1
FNDA:6,(anonymous_1)
DA:1,1
DA:4,1
DA:5,6
DA:6,6
DA:7,2
DA:8,4
DA:9,0
DA:10,4
DA:11,0
DA:13,4
DA:18,1
LF:11
LH:9
BRDA:6,0,0,2
BRDA:6,0,1,4
BRDA:6,1,0,6
BRDA:6,1,1,5
BRDA:6,1,2,5
BRDA:6,1,3,5
BRDA:8,2,0,0
BRDA:8,2,1,4
BRDA:8,3,0,4
BRDA:8,3,1,4
BRDA:8,3,2,4
BRDA:8,3,3,4
BRDA:10,4,0,0
BRDA:10,4,1,4
BRDA:10,5,0,4
BRDA:10,5,1,4
BRDA:10,5,2,4
BRDA:10,5,3,4
BRF:18
BRH:16
end_of_record
TN:
SF:src/middleware/validateUser.ts
FN:4,(anonymous_1)
FNF:1
FNH:1
FNDA:4,(anonymous_1)
DA:1,1
DA:4,1
DA:5,4
DA:6,4
DA:7,1
DA:8,3
DA:9,1
DA:10,2
DA:11,0
DA:13,2
DA:18,1
LF:11
LH:10
BRDA:6,0,0,1
BRDA:6,0,1,3
BRDA:6,1,0,4
BRDA:6,1,1,4
BRDA:6,1,2,4
BRDA:8,2,0,1
BRDA:8,2,1,2
BRDA:8,3,0,3
BRDA:8,3,1,3
BRDA:8,3,2,3
BRDA:10,4,0,0
BRDA:10,4,1,2
BRDA:10,5,0,2
BRDA:10,5,1,2
BRDA:10,5,2,2
BRF:15
BRH:14
end_of_record
TN:
SF:src/routes/TransactionRouter.ts
FNF:0
FNH:0
DA:1,1
DA:2,1
DA:3,1
DA:4,1
DA:5,1
DA:7,1
DA:8,1
DA:10,1
DA:12,1
DA:15,1
LF:10
LH:10
BRF:0
BRH:0
end_of_record
TN:
SF:src/routes/UserRoutes.ts
FNF:0
FNH:0
DA:1,1
DA:2,1
DA:3,1
DA:4,1
DA:5,1
DA:6,1
DA:8,1
DA:9,1
DA:11,1
DA:12,1
DA:13,1
DA:14,1
DA:15,1
DA:16,1
DA:17,1
DA:19,1
LF:16
LH:16
BRF:0
BRH:0
end_of_record
TN:
SF:src/services/TransactionService.ts
FN:9,(anonymous_7)
FN:11,(anonymous_8)
FN:11,(anonymous_9)
FN:24,(anonymous_10)
FN:24,(anonymous_11)
FN:43,(anonymous_12)
FN:43,(anonymous_13)
FNF:7
FNH:5
FNDA:1,(anonymous_7)
FNDA:4,(anonymous_8)
FNDA:4,(anonymous_9)
FNDA:0,(anonymous_10)
FNDA:0,(anonymous_11)
FNDA:1,(anonymous_12)
FNDA:1,(anonymous_13)
DA:1,1
DA:3,1
DA:7,1
DA:11,4
DA:12,4
DA:14,4
DA:21,4
DA:24,1
DA:25,0
DA:27,0
DA:33,0
DA:43,1
DA:44,1
DA:47,1
DA:52,1
LF:15
LH:12
BRF:0
BRH:0
end_of_record
TN:
SF:src/services/UserService.ts
FN:9,(anonymous_13)
FN:11,(anonymous_14)
FN:11,(anonymous_15)
FN:29,(anonymous_16)
FN:29,(anonymous_17)
FN:37,(anonymous_18)
FN:37,(anonymous_19)
FN:45,(anonymous_20)
FN:45,(anonymous_21)
FN:53,(anonymous_22)
FN:53,(anonymous_23)
FN:62,(anonymous_24)
FN:62,(anonymous_25)
FN:74,(anonymous_26)
FN:74,(anonymous_27)
FN:83,(anonymous_28)
FN:83,(anonymous_29)
FN:92,(anonymous_30)
FN:92,(anonymous_31)
FNF:19
FNH:19
FNDA:2,(anonymous_13)
FNDA:1,(anonymous_14)
FNDA:1,(anonymous_15)
FNDA:9,(anonymous_16)
FNDA:9,(anonymous_17)
FNDA:12,(anonymous_18)
FNDA:12,(anonymous_19)
FNDA:11,(anonymous_20)
FNDA:11,(anonymous_21)
FNDA:1,(anonymous_22)
FNDA:1,(anonymous_23)
FNDA:1,(anonymous_24)
FNDA:1,(anonymous_25)
FNDA:1,(anonymous_26)
FNDA:1,(anonymous_27)
FNDA:1,(anonymous_28)
FNDA:1,(anonymous_29)
FNDA:1,(anonymous_30)
FNDA:1,(anonymous_31)
DA:1,1
DA:2,1
DA:7,2
DA:11,2
DA:12,1
DA:13,1
DA:14,1
DA:15,1
DA:26,1
DA:29,9
DA:30,9
DA:33,9
DA:37,12
DA:38,12
DA:41,12
DA:45,11
DA:46,11
DA:49,11
DA:53,2
DA:54,1
DA:58,1
DA:62,2
DA:63,1
DA:64,1
DA:65,1
DA:66,1
DA:71,1
DA:74,2
DA:75,1
DA:80,1
DA:83,2
DA:84,1
DA:89,1
DA:92,2
DA:93,1
DA:99,1
DA:105,1
LF:37
LH:37
BRF:0
BRH:0
end_of_record
